\BOOKMARK [0][]{chapter*.1}{\376\377\000A\000b\000s\000t\000r\000a\000c\000t}{}% 1
\BOOKMARK [0][]{chapter*.2}{\376\377\000A\000c\000k\000n\000o\000w\000l\000e\000d\000g\000e\000m\000e\000n\000t\000s}{}% 2
\BOOKMARK [0][]{chapter*.4}{\376\377\000L\000i\000s\000t\000\040\000o\000f\000\040\000F\000i\000g\000u\000r\000e\000s}{}% 3
\BOOKMARK [0][]{chapter*.5}{\376\377\000L\000i\000s\000t\000\040\000o\000f\000\040\000T\000a\000b\000l\000e\000s}{}% 4
\BOOKMARK [0][]{chapter.1}{\376\377\0001\000\040\000I\000n\000t\000r\000o\000d\000u\000c\000t\000i\000o\000n}{}% 5
\BOOKMARK [1][]{section.1.1}{\376\377\0001\000.\0001\000\040\000R\000e\000l\000e\000v\000a\000n\000c\000e}{chapter.1}% 6
\BOOKMARK [1][]{section.1.2}{\376\377\0001\000.\0002\000\040\000P\000r\000o\000b\000l\000e\000m\000\040\000d\000e\000s\000c\000r\000i\000p\000t\000i\000o\000n}{chapter.1}% 7
\BOOKMARK [1][]{section.1.3}{\376\377\0001\000.\0003\000\040\000I\000n\000p\000u\000t\000s\000\040\000a\000n\000d\000\040\000v\000a\000r\000i\000a\000b\000l\000e\000\040\000p\000a\000r\000a\000m\000e\000t\000e\000r\000s}{chapter.1}% 8
\BOOKMARK [2][]{subsection.1.3.1}{\376\377\0001\000.\0003\000.\0001\000\040\000A\000c\000c\000u\000r\000a\000c\000y}{section.1.3}% 9
\BOOKMARK [1][]{section.1.4}{\376\377\0001\000.\0004\000\040\000F\000r\000i\000c\000t\000i\000o\000n}{chapter.1}% 10
\BOOKMARK [2][]{subsection.1.4.1}{\376\377\0001\000.\0004\000.\0001\000\040\000M\000o\000d\000e\000l\000-\000b\000a\000s\000e\000d\000\040\000a\000p\000p\000r\000o\000a\000c\000h}{section.1.4}% 11
\BOOKMARK [2][]{subsection.1.4.2}{\376\377\0001\000.\0004\000.\0002\000\040\000E\000x\000p\000e\000r\000i\000m\000e\000n\000t\000-\000b\000a\000s\000e\000d\000\040\000a\000p\000p\000r\000o\000a\000c\000h}{section.1.4}% 12
\BOOKMARK [1][]{section.1.5}{\376\377\0001\000.\0005\000\040\000T\000r\000u\000c\000k}{chapter.1}% 13
\BOOKMARK [2][]{subsection.1.5.1}{\376\377\0001\000.\0005\000.\0001\000\040\000G\000e\000a\000r\000\040\000c\000h\000a\000n\000g\000e}{section.1.5}% 14
\BOOKMARK [0][]{chapter.2}{\376\377\0002\000\040\000M\000e\000t\000h\000o\000d}{}% 15
\BOOKMARK [1][]{section.2.1}{\376\377\0002\000.\0001\000\040\000M\000o\000d\000e\000l\000s}{chapter.2}% 16
\BOOKMARK [2][]{subsection.2.1.1}{\376\377\0002\000.\0001\000.\0001\000\040\000F\000o\000r\000c\000e\000\040\000c\000h\000e\000c\000k}{section.2.1}% 17
\BOOKMARK [2][]{subsection.2.1.2}{\376\377\0002\000.\0001\000.\0002\000\040\000S\000p\000e\000e\000d\000\040\000r\000e\000d\000u\000c\000t\000i\000o\000n}{section.2.1}% 18
\BOOKMARK [2][]{subsection.2.1.3}{\376\377\0002\000.\0001\000.\0003\000\040\000S\000p\000e\000e\000d\000\040\000g\000a\000i\000n}{section.2.1}% 19
\BOOKMARK [2][]{subsection.2.1.4}{\376\377\0002\000.\0001\000.\0004\000\040\000G\000e\000a\000r\000\040\000r\000a\000n\000g\000e}{section.2.1}% 20
\BOOKMARK [1][]{section.2.2}{\376\377\0002\000.\0002\000\040\000V\000a\000l\000i\000d\000a\000t\000i\000o\000n}{chapter.2}% 21
\BOOKMARK [2][]{subsection.2.2.1}{\376\377\0002\000.\0002\000.\0001\000\040\000E\000x\000p\000e\000r\000i\000m\000e\000n\000t\000s}{section.2.2}% 22
\BOOKMARK [1][]{section.2.3}{\376\377\0002\000.\0003\000\040\000I\000m\000p\000l\000e\000m\000e\000n\000t\000a\000t\000i\000o\000n}{chapter.2}% 23
\BOOKMARK [0][]{chapter.3}{\376\377\0003\000\040\000R\000e\000s\000u\000l\000t\000s}{}% 24
\BOOKMARK [1][]{section.3.1}{\376\377\0003\000.\0001\000\040\000V\000e\000l\000o\000c\000i\000t\000i\000e\000s\000\040\000f\000o\000r\000\040\000e\000n\000v\000i\000o\000r\000m\000e\000n\000t\000\040\000T\000B\000\137\0001\000:}{chapter.3}% 25
\BOOKMARK [2][]{subsection.3.1.1}{\376\377\0003\000.\0001\000.\0001\000\040\000T\000r\000u\000c\000k\000\040\000R\0005\0008\0000\000\040\0006\000x\0002}{section.3.1}% 26
\BOOKMARK [2][]{subsection.3.1.2}{\376\377\0003\000.\0001\000.\0002\000\040\000T\000r\000u\000c\000k\000\040\000R\0005\0008\0000\000\040\0006\000x\0004}{section.3.1}% 27
\BOOKMARK [1][]{section.3.2}{\376\377\0003\000.\0002\000\040\000V\000e\000l\000o\000c\000i\000t\000i\000e\000s\000\040\000f\000o\000r\000\040\000e\000n\000v\000i\000o\000r\000m\000e\000n\000t\000\040\000T\000B\000\137\0002\000:}{chapter.3}% 28
\BOOKMARK [2][]{subsection.3.2.1}{\376\377\0003\000.\0002\000.\0001\000\040\000T\000r\000u\000c\000k\000\040\000R\0005\0008\0000\000\040\0006\000x\0002}{section.3.2}% 29
\BOOKMARK [2][]{subsection.3.2.2}{\376\377\0003\000.\0002\000.\0002\000\040\000T\000r\000u\000c\000k\000\040\000R\0005\0008\0000\000\040\0006\000x\0004}{section.3.2}% 30
\BOOKMARK [1][]{section.3.3}{\376\377\0003\000.\0003\000\040\000V\000e\000l\000o\000c\000i\000t\000i\000e\000s\000\040\000f\000o\000r\000\040\000e\000n\000v\000i\000o\000r\000m\000e\000n\000t\000\040\000T\000B\000\137\0003\000:}{chapter.3}% 31
\BOOKMARK [2][]{subsection.3.3.1}{\376\377\0003\000.\0003\000.\0001\000\040\000T\000r\000u\000c\000k\000\040\000R\0005\0008\0000\000\040\0006\000x\0002}{section.3.3}% 32
\BOOKMARK [2][]{subsection.3.3.2}{\376\377\0003\000.\0003\000.\0002\000\040\000T\000r\000u\000c\000k\000\040\000R\0005\0008\0000\000\040\0006\000x\0004}{section.3.3}% 33
\BOOKMARK [0][]{chapter.4}{\376\377\0004\000\040\000D\000i\000s\000c\000u\000s\000s\000i\000o\000n}{}% 34
\BOOKMARK [1][]{section.4.1}{\376\377\0004\000.\0001\000\040\000E\000n\000v\000i\000r\000o\000n\000m\000e\000n\000t}{chapter.4}% 35
\BOOKMARK [1][]{section.4.2}{\376\377\0004\000.\0002\000\040\000T\000r\000u\000c\000k\000\040\000c\000o\000m\000p\000a\000r\000i\000s\000o\000n}{chapter.4}% 36
\BOOKMARK [1][]{section.4.3}{\376\377\0004\000.\0003\000\040\000F\000a\000i\000l\000e\000d\000\040\000a\000s\000c\000e\000n\000s\000i\000o\000n\000s}{chapter.4}% 37
\BOOKMARK [1][]{section.4.4}{\376\377\0004\000.\0004\000\040\000G\000e\000a\000r\000\040\000c\000h\000a\000n\000g\000e}{chapter.4}% 38
\BOOKMARK [0][]{chapter.5}{\376\377\0005\000\040\000C\000o\000n\000c\000l\000u\000s\000i\000o\000n}{}% 39
\BOOKMARK [1][]{section.5.1}{\376\377\0005\000.\0001\000\040\000F\000u\000t\000u\000r\000e\000\040\000w\000o\000r\000k}{chapter.5}% 40
\BOOKMARK [0][]{chapter*.43}{\376\377\000B\000i\000b\000l\000i\000o\000g\000r\000a\000p\000h\000y}{}% 41
